This is pdfeTeX, Version 3.141592-1.21a-2.2 (Web2C 7.5.4) (format=latex 2015.4.12)  12 APR 2015 11:29
entering extended mode
**mcfm
(./mcfm.tex
LaTeX2e <2003/12/01>
Babel <v3.8d> and hyphenation patterns for american, french, german, ngerman, b
ahasa, basque, bulgarian, catalan, croatian, czech, danish, dutch, esperanto, e
stonian, finnish, greek, icelandic, irish, italian, latin, magyar, norsk, polis
h, portuges, romanian, russian, serbian, slovak, slovene, spanish, swedish, tur
kish, ukrainian, nohyphenation, loaded.
(/usr/share/texmf/tex/latex/base/article.cls
Document Class: article 2004/02/16 v1.4f Standard LaTeX document class
(/usr/share/texmf/tex/latex/base/size12.clo
File: size12.clo 2004/02/16 v1.4f Standard LaTeX file (size option)
)
\c@part=\count79
\c@section=\count80
\c@subsection=\count81
\c@subsubsection=\count82
\c@paragraph=\count83
\c@subparagraph=\count84
\c@figure=\count85
\c@table=\count86
\abovecaptionskip=\skip41
\belowcaptionskip=\skip42
\bibindent=\dimen102
)
(/usr/share/texmf/tex/latex/hyperref/hyperref.sty
Package: hyperref 2003/11/30 v6.74m Hypertext links for LaTeX

(/usr/share/texmf/tex/latex/graphics/keyval.sty
Package: keyval 1999/03/16 v1.13 key=value parser (DPC)
\KV@toks@=\toks14
)
\@linkdim=\dimen103
\Hy@linkcounter=\count87
\Hy@pagecounter=\count88

(/usr/share/texmf/tex/latex/hyperref/pd1enc.def
File: pd1enc.def 2003/11/30 v6.74m Hyperref: PDFDocEncoding definition (HO)
)
(/usr/share/texmf/tex/latex/hyperref/hyperref.cfg
File: hyperref.cfg 2002/06/06 v1.2 hyperref configuration of TeXLive and teTeX
)
Package hyperref Info: Hyper figures OFF on input line 1880.
Package hyperref Info: Link nesting OFF on input line 1885.
Package hyperref Info: Hyper index ON on input line 1888.
Package hyperref Info: Plain pages ON on input line 1893.
Package hyperref Info: Backreferencing OFF on input line 1900.

Implicit mode ON; LaTeX internals redefined
Package hyperref Info: Bookmarks ON on input line 2004.
(/usr/local/share/texmf/tex/latex/ltxmisc/url.sty
\Urlmuskip=\muskip10
Package: url 2005/06/27  ver 3.2  Verb mode for urls, etc.
)
LaTeX Info: Redefining \url on input line 2143.
\Fld@menulength=\count89
\Field@Width=\dimen104
\Fld@charsize=\dimen105
\Choice@toks=\toks15
\Field@toks=\toks16
Package hyperref Info: Hyper figures OFF on input line 2618.
Package hyperref Info: Link nesting OFF on input line 2623.
Package hyperref Info: Hyper index ON on input line 2626.
Package hyperref Info: backreferencing OFF on input line 2633.
Package hyperref Info: Link coloring OFF on input line 2638.
\c@Item=\count90
\c@Hfootnote=\count91
)
*hyperref using default driver hdvips*
(/usr/share/texmf/tex/latex/hyperref/hdvips.def
File: hdvips.def 2003/11/30 v6.74m Hyperref driver for dvips

(/usr/share/texmf/tex/latex/hyperref/pdfmark.def
File: pdfmark.def 2003/11/30 v6.74m Hyperref definitions for pdfmark specials
\pdf@docset=\toks17
\pdf@box=\box26
\pdf@toks=\toks18
\pdf@defaulttoks=\toks19
\Fld@listcount=\count92
\@outlinefile=\write3
)) (./mcfm.aux)
\openout1 = `mcfm.aux'.

LaTeX Font Info:    Checking defaults for OML/cmm/m/it on input line 4.
LaTeX Font Info:    ... okay on input line 4.
LaTeX Font Info:    Checking defaults for T1/cmr/m/n on input line 4.
LaTeX Font Info:    ... okay on input line 4.
LaTeX Font Info:    Checking defaults for OT1/cmr/m/n on input line 4.
LaTeX Font Info:    ... okay on input line 4.
LaTeX Font Info:    Checking defaults for OMS/cmsy/m/n on input line 4.
LaTeX Font Info:    ... okay on input line 4.
LaTeX Font Info:    Checking defaults for OMX/cmex/m/n on input line 4.
LaTeX Font Info:    ... okay on input line 4.
LaTeX Font Info:    Checking defaults for U/cmr/m/n on input line 4.
LaTeX Font Info:    ... okay on input line 4.
LaTeX Font Info:    Checking defaults for PD1/pdf/m/n on input line 4.
LaTeX Font Info:    ... okay on input line 4.
Package hyperref Info: Link coloring OFF on input line 4.

(/usr/share/texmf/tex/latex/hyperref/nameref.sty
Package: nameref 2003/12/03 v2.21 Cross-referencing by name of section
\c@section@level=\count93
)
LaTeX Info: Redefining \ref on input line 4.
LaTeX Info: Redefining \pageref on input line 4.
 (./mcfm.out) (./mcfm.out)
\openout3 = `mcfm.out'.


[1

] (./mcfm.toc
LaTeX Font Info:    External font `cmex10' loaded for size
(Font)              <12> on input line 3.
LaTeX Font Info:    External font `cmex10' loaded for size
(Font)              <8> on input line 3.
LaTeX Font Info:    External font `cmex10' loaded for size
(Font)              <6> on input line 3.
 [2] [3]
Overfull \hbox (23.53104pt too wide) in paragraph at lines 91--91
 [][] [] []  
 []

[4])
\tf@toc=\write4
\openout4 = `mcfm.toc'.

 [5]
LaTeX Font Info:    Try loading font information for OMS+cmr on input line 74.
 (/usr/share/texmf/tex/latex/base/omscmr.fd
File: omscmr.fd 1999/05/25 v2.5h Standard LaTeX font definitions
)
LaTeX Font Info:    Font shape `OMS/cmr/m/n' in size <12> not available
(Font)              Font shape `OMS/cmsy/m/n' tried instead on input line 74.
 [6]
Overfull \hbox (56.70538pt too wide) in paragraph at lines 150--171
 [] 
 []

[7]
Overfull \hbox (53.41382pt too wide) in paragraph at lines 249--294
 [] 
 []


Overfull \hbox (15.89194pt too wide) in paragraph at lines 302--337
 [] 
 []

[8]

LaTeX Warning: `h' float specifier changed to `ht'.


LaTeX Warning: `h' float specifier changed to `ht'.

[9]
Overfull \hbox (60.77522pt too wide) in paragraph at lines 372--372
[]\OT1/cmtt/m/n/12 ./mcfm: error while loading shared libraries: libLHAPDF.so.0
: cannot open[] 
 []

[10]
Overfull \hbox (15.99513pt too wide) in paragraph at lines 389--392
[]\OT1/cmr/m/n/12 One may al-ways re-turn to the built-in dis-tri-bu-tions by r
e-set-ting \OT1/cmtt/m/n/12 PDFROUTINES
 []

LaTeX Font Info:    External font `cmex10' loaded for size
(Font)              <7> on input line 405.
LaTeX Font Info:    External font `cmex10' loaded for size
(Font)              <5> on input line 405.
[11] [12] [13] [14]
Overfull \hbox (84.17683pt too wide) in paragraph at lines 574--589
 [] 
 []

[15] [16] [17] [18]
Overfull \hbox (4.98042pt too wide) in paragraph at lines 732--736
[]\OT1/cmtt/m/n/12 ptlepton(2nd+)[]min, |etalepton(2nd+)|[]max\OT1/cmr/m/n/12 .
 These spec-ify the val-
 []

[19] [20]
Overfull \hbox (11.96594pt too wide) in paragraph at lines 834--838
\OT1/cmr/m/n/12 that all photon-lepton pairs are sep-a-rated by $^^A\OML/cmm/m/
it/12 R >$ \OT1/cmtt/m/n/12 R(photon,lept)[]min\OT1/cmr/m/n/12 .
 []

[21] [22] [23] [24] [25] [26]
Overfull \hbox (12.72577pt too wide) in paragraph at lines 1097--1099
[]\OT1/cmtt/m/n/12 writetop\OT1/cmr/m/n/12 : write out the his-tograms as a \OT
1/cmtt/m/n/12 TOPDRAWER \OT1/cmr/m/n/12 file, \OT1/cmtt/m/n/12 outputname.top\O
T1/cmr/m/n/12 . 
 []


Overfull \hbox (5.12712pt too wide) in paragraph at lines 1102--1107
[]\OT1/cmtt/m/n/12 writegnu\OT1/cmr/m/n/12 : write out the his-tograms as a \OT
1/cmtt/m/n/12 gnuplot \OT1/cmr/m/n/12 file[], \OT1/cmtt/m/n/12 outputname.gnu\O
T1/cmr/m/n/12 .
 []


Overfull \hbox (25.43188pt too wide) in paragraph at lines 1102--1107
\OT1/cmr/m/n/12 This can be pro-cessed by run-ning the com-mand `\OT1/cmtt/m/n/
12 gnuplot outputname.gnu\OT1/cmr/m/n/12 ',
 []

[27]
Overfull \hbox (37.81134pt too wide) in paragraph at lines 1129--1139
\OT1/cmr/m/n/12 kine-matic quan-ti-ties. In that case a fur-ther rou-tine is ca
lled, e.g. \OT1/cmtt/m/n/12 nplotter[]W[]only.f
 []

[28] [29]
Overfull \hbox (23.23796pt too wide) in paragraph at lines 1248--1261
\OT1/cmr/m/n/12 In or-der to ob-tain \OT1/cmr/m/it/12 un-weighted \OT1/cmr/m/n/
12 events, one must change the value of \OT1/cmtt/m/n/12 nevtrequested
 []

[30] [31]
Overfull \hbox (43.46689pt too wide) in paragraph at lines 1312--1316
[]\OT1/cmtt/m/n/12 subroutine userwriteinfo(unitno,comment[]string,xsec,xsec[]e
rr,itno)
 []

[32]
LaTeX Font Info:    External font `cmex10' loaded for size
(Font)              <14.4> on input line 1349.


Package hyperref Warning: Token not allowed in a PDFDocEncoded string,
(hyperref)                removing `math shift' on input line 1349.


Package hyperref Warning: Token not allowed in a PDFDocEncoded string,
(hyperref)                removing `math shift' on input line 1349.


Package hyperref Warning: Token not allowed in a PDFDocEncoded string,
(hyperref)                removing `math shift' on input line 1357.


Package hyperref Warning: Token not allowed in a PDFDocEncoded string,
(hyperref)                removing `math shift' on input line 1357.


Package hyperref Warning: Token not allowed in a PDFDocEncoded string,
(hyperref)                removing `math shift' on input line 1366.


Package hyperref Warning: Token not allowed in a PDFDocEncoded string,
(hyperref)                removing `math shift' on input line 1366.

[33]

Package hyperref Warning: Token not allowed in a PDFDocEncoded string,
(hyperref)                removing `math shift' on input line 1385.


Package hyperref Warning: Token not allowed in a PDFDocEncoded string,
(hyperref)                removing `math shift' on input line 1385.


Package hyperref Warning: Token not allowed in a PDFDocEncoded string,
(hyperref)                removing `math shift' on input line 1398.


Package hyperref Warning: Token not allowed in a PDFDocEncoded string,
(hyperref)                removing `math shift' on input line 1398.


Package hyperref Warning: Token not allowed in a PDFDocEncoded string,
(hyperref)                removing `math shift' on input line 1398.


Package hyperref Warning: Token not allowed in a PDFDocEncoded string,
(hyperref)                removing `subscript' on input line 1398.


Package hyperref Warning: Token not allowed in a PDFDocEncoded string,
(hyperref)                removing `math shift' on input line 1398.


Package hyperref Warning: Token not allowed in a PDFDocEncoded string,
(hyperref)                removing `math shift' on input line 1405.


Package hyperref Warning: Token not allowed in a PDFDocEncoded string,
(hyperref)                removing `\mathaccent' on input line 1405.


Package hyperref Warning: Token not allowed in a PDFDocEncoded string,
(hyperref)                removing `math shift' on input line 1405.


Package hyperref Warning: Token not allowed in a PDFDocEncoded string,
(hyperref)                removing `math shift' on input line 1421.


Package hyperref Warning: Token not allowed in a PDFDocEncoded string,
(hyperref)                removing `\mathaccent' on input line 1421.


Package hyperref Warning: Token not allowed in a PDFDocEncoded string,
(hyperref)                removing `math shift' on input line 1421.


Package hyperref Warning: Token not allowed in a PDFDocEncoded string,
(hyperref)                removing `math shift' on input line 1421.


Package hyperref Warning: Token not allowed in a PDFDocEncoded string,
(hyperref)                removing `subscript' on input line 1421.


Package hyperref Warning: Token not allowed in a PDFDocEncoded string,
(hyperref)                removing `math shift' on input line 1421.

[34]

Package hyperref Warning: Token not allowed in a PDFDocEncoded string,
(hyperref)                removing `math shift' on input line 1434.


Package hyperref Warning: Token not allowed in a PDFDocEncoded string,
(hyperref)                removing `math shift' on input line 1434.


Package hyperref Warning: Token not allowed in a PDFDocEncoded string,
(hyperref)                removing `math shift' on input line 1470.


Package hyperref Warning: Token not allowed in a PDFDocEncoded string,
(hyperref)                removing `math shift' on input line 1470.


Package hyperref Warning: Token not allowed in a PDFDocEncoded string,
(hyperref)                removing `math shift' on input line 1479.


Package hyperref Warning: Token not allowed in a PDFDocEncoded string,
(hyperref)                removing `\mathaccent' on input line 1479.


Package hyperref Warning: Token not allowed in a PDFDocEncoded string,
(hyperref)                removing `math shift' on input line 1479.


Package hyperref Warning: Token not allowed in a PDFDocEncoded string,
(hyperref)                removing `math shift' on input line 1479.


Package hyperref Warning: Token not allowed in a PDFDocEncoded string,
(hyperref)                removing `subscript' on input line 1479.


Package hyperref Warning: Token not allowed in a PDFDocEncoded string,
(hyperref)                removing `math shift' on input line 1479.

[35]

Package hyperref Warning: Token not allowed in a PDFDocEncoded string,
(hyperref)                removing `math shift' on input line 1489.


Package hyperref Warning: Token not allowed in a PDFDocEncoded string,
(hyperref)                removing `math shift' on input line 1489.


Package hyperref Warning: Token not allowed in a PDFDocEncoded string,
(hyperref)                removing `math shift' on input line 1502.


Package hyperref Warning: Token not allowed in a PDFDocEncoded string,
(hyperref)                removing `math shift' on input line 1502.


Package hyperref Warning: Token not allowed in a PDFDocEncoded string,
(hyperref)                removing `math shift' on input line 1505.


Package hyperref Warning: Token not allowed in a PDFDocEncoded string,
(hyperref)                removing `\mathaccent' on input line 1505.


Package hyperref Warning: Token not allowed in a PDFDocEncoded string,
(hyperref)                removing `math shift' on input line 1505.


Package hyperref Warning: Token not allowed in a PDFDocEncoded string,
(hyperref)                removing `math shift' on input line 1505.


Package hyperref Warning: Token not allowed in a PDFDocEncoded string,
(hyperref)                removing `\gamma' on input line 1505.


Package hyperref Warning: Token not allowed in a PDFDocEncoded string,
(hyperref)                removing `superscript' on input line 1505.


Package hyperref Warning: Token not allowed in a PDFDocEncoded string,
(hyperref)                removing `math shift' on input line 1505.


Package hyperref Warning: Token not allowed in a PDFDocEncoded string,
(hyperref)                removing `math shift' on input line 1516.


Package hyperref Warning: Token not allowed in a PDFDocEncoded string,
(hyperref)                removing `math shift' on input line 1516.

[36]

Package hyperref Warning: Token not allowed in a PDFDocEncoded string,
(hyperref)                removing `math shift' on input line 1529.


Package hyperref Warning: Token not allowed in a PDFDocEncoded string,
(hyperref)                removing `math shift' on input line 1529.


Package hyperref Warning: Token not allowed in a PDFDocEncoded string,
(hyperref)                removing `math shift' on input line 1550.


Package hyperref Warning: Token not allowed in a PDFDocEncoded string,
(hyperref)                removing `math shift' on input line 1550.


Package hyperref Warning: Token not allowed in a PDFDocEncoded string,
(hyperref)                removing `math shift' on input line 1560.


Package hyperref Warning: Token not allowed in a PDFDocEncoded string,
(hyperref)                removing `\mathaccent' on input line 1560.


Package hyperref Warning: Token not allowed in a PDFDocEncoded string,
(hyperref)                removing `math shift' on input line 1560.


Package hyperref Warning: Token not allowed in a PDFDocEncoded string,
(hyperref)                removing `math shift' on input line 1571.


Package hyperref Warning: Token not allowed in a PDFDocEncoded string,
(hyperref)                removing `\mathaccent' on input line 1571.


Package hyperref Warning: Token not allowed in a PDFDocEncoded string,
(hyperref)                removing `math shift' on input line 1571.


Package hyperref Warning: Token not allowed in a PDFDocEncoded string,
(hyperref)                removing `math shift' on input line 1571.


Package hyperref Warning: Token not allowed in a PDFDocEncoded string,
(hyperref)                removing `subscript' on input line 1571.


Package hyperref Warning: Token not allowed in a PDFDocEncoded string,
(hyperref)                removing `math shift' on input line 1571.

[37]

Package hyperref Warning: Token not allowed in a PDFDocEncoded string,
(hyperref)                removing `math shift' on input line 1584.


Package hyperref Warning: Token not allowed in a PDFDocEncoded string,
(hyperref)                removing `\mathaccent' on input line 1584.


Package hyperref Warning: Token not allowed in a PDFDocEncoded string,
(hyperref)                removing `math shift' on input line 1584.


Package hyperref Warning: Token not allowed in a PDFDocEncoded string,
(hyperref)                removing `math shift' on input line 1584.


Package hyperref Warning: Token not allowed in a PDFDocEncoded string,
(hyperref)                removing `subscript' on input line 1584.


Package hyperref Warning: Token not allowed in a PDFDocEncoded string,
(hyperref)                removing `math shift' on input line 1584.


Package hyperref Warning: Token not allowed in a PDFDocEncoded string,
(hyperref)                removing `math shift' on input line 1595.


Package hyperref Warning: Token not allowed in a PDFDocEncoded string,
(hyperref)                removing `\mathaccent' on input line 1595.


Package hyperref Warning: Token not allowed in a PDFDocEncoded string,
(hyperref)                removing `math shift' on input line 1595.


Package hyperref Warning: Token not allowed in a PDFDocEncoded string,
(hyperref)                removing `math shift' on input line 1595.


Package hyperref Warning: Token not allowed in a PDFDocEncoded string,
(hyperref)                removing `subscript' on input line 1595.


Package hyperref Warning: Token not allowed in a PDFDocEncoded string,
(hyperref)                removing `math shift' on input line 1595.

[38]

Package hyperref Warning: Token not allowed in a PDFDocEncoded string,
(hyperref)                removing `math shift' on input line 1632.


Package hyperref Warning: Token not allowed in a PDFDocEncoded string,
(hyperref)                removing `math shift' on input line 1632.


Package hyperref Warning: Token not allowed in a PDFDocEncoded string,
(hyperref)                removing `math shift' on input line 1662.


Package hyperref Warning: Token not allowed in a PDFDocEncoded string,
(hyperref)                removing `math shift' on input line 1662.


Package hyperref Warning: Token not allowed in a PDFDocEncoded string,
(hyperref)                removing `math shift' on input line 1668.


Package hyperref Warning: Token not allowed in a PDFDocEncoded string,
(hyperref)                removing `math shift' on input line 1668.

[39]

Package hyperref Warning: Token not allowed in a PDFDocEncoded string,
(hyperref)                removing `math shift' on input line 1683.


Package hyperref Warning: Token not allowed in a PDFDocEncoded string,
(hyperref)                removing `math shift' on input line 1683.

[40]

Package hyperref Warning: Token not allowed in a PDFDocEncoded string,
(hyperref)                removing `math shift' on input line 1715.


Package hyperref Warning: Token not allowed in a PDFDocEncoded string,
(hyperref)                removing `math shift' on input line 1715.

[41]

Package hyperref Warning: Token not allowed in a PDFDocEncoded string,
(hyperref)                removing `math shift' on input line 1788.


Package hyperref Warning: Token not allowed in a PDFDocEncoded string,
(hyperref)                removing `math shift' on input line 1788.


Overfull \hbox (17.22913pt too wide) in paragraph at lines 1791--1803
\OT1/cmr/m/n/12 de-cays into a bot-tom quark pair (\OT1/cmtt/m/n/12 nproc=91, 9
6\OT1/cmr/m/n/12 ), a pair of $\OML/cmm/m/it/12 W$ \OT1/cmr/m/n/12 bosons (\OT1
/cmtt/m/n/12 nproc=92,
 []


Package hyperref Warning: Token not allowed in a PDFDocEncoded string,
(hyperref)                removing `math shift' on input line 1806.


Package hyperref Warning: Token not allowed in a PDFDocEncoded string,
(hyperref)                removing `math shift' on input line 1806.

[42]
Overfull \hbox (2.11298pt too wide) in paragraph at lines 1828--1837
\OT1/cmr/m/n/12 pair of pho-tons (\OT1/cmtt/m/n/12 nproc=119\OT1/cmr/m/n/12 ) a
nd the $\OML/cmm/m/it/12 Z^^M$ \OT1/cmr/m/n/12 de-cay are in-cluded (\OT1/cmtt/
m/n/12 nproc=120,121\OT1/cmr/m/n/12 ). 
 []

[43]

Package hyperref Warning: Token not allowed in a PDFDocEncoded string,
(hyperref)                removing `math shift' on input line 1889.


Package hyperref Warning: Token not allowed in a PDFDocEncoded string,
(hyperref)                removing `\to' on input line 1889.


Package hyperref Warning: Token not allowed in a PDFDocEncoded string,
(hyperref)                removing `superscript' on input line 1889.


Package hyperref Warning: Token not allowed in a PDFDocEncoded string,
(hyperref)                removing `superscript' on input line 1889.


Package hyperref Warning: Token not allowed in a PDFDocEncoded string,
(hyperref)                removing `math shift' on input line 1889.

[44]

Package hyperref Warning: Token not allowed in a PDFDocEncoded string,
(hyperref)                removing `math shift' on input line 1920.


Package hyperref Warning: Token not allowed in a PDFDocEncoded string,
(hyperref)                removing `\to' on input line 1920.


Package hyperref Warning: Token not allowed in a PDFDocEncoded string,
(hyperref)                removing `\to' on input line 1920.


Package hyperref Warning: Token not allowed in a PDFDocEncoded string,
(hyperref)                removing `superscript' on input line 1920.


Package hyperref Warning: Token not allowed in a PDFDocEncoded string,
(hyperref)                removing `superscript' on input line 1920.


Package hyperref Warning: Token not allowed in a PDFDocEncoded string,
(hyperref)                removing `\mu' on input line 1920.


Package hyperref Warning: Token not allowed in a PDFDocEncoded string,
(hyperref)                removing `superscript' on input line 1920.


Package hyperref Warning: Token not allowed in a PDFDocEncoded string,
(hyperref)                removing `\mu' on input line 1920.


Package hyperref Warning: Token not allowed in a PDFDocEncoded string,
(hyperref)                removing `superscript' on input line 1920.


Package hyperref Warning: Token not allowed in a PDFDocEncoded string,
(hyperref)                removing `math shift' on input line 1920.


Package hyperref Warning: Token not allowed in a PDFDocEncoded string,
(hyperref)                removing `math shift' on input line 1949.


Package hyperref Warning: Token not allowed in a PDFDocEncoded string,
(hyperref)                removing `math shift' on input line 1949.

[45]

Package hyperref Warning: Token not allowed in a PDFDocEncoded string,
(hyperref)                removing `math shift' on input line 1978.


Package hyperref Warning: Token not allowed in a PDFDocEncoded string,
(hyperref)                removing `\mathaccent' on input line 1978.


Package hyperref Warning: Token not allowed in a PDFDocEncoded string,
(hyperref)                removing `math shift' on input line 1978.

[46]

Package hyperref Warning: Token not allowed in a PDFDocEncoded string,
(hyperref)                removing `math shift' on input line 2026.


Package hyperref Warning: Token not allowed in a PDFDocEncoded string,
(hyperref)                removing `\mathaccent' on input line 2026.


Package hyperref Warning: Token not allowed in a PDFDocEncoded string,
(hyperref)                removing `math shift' on input line 2026.


Package hyperref Warning: Token not allowed in a PDFDocEncoded string,
(hyperref)                removing `math shift' on input line 2032.


Package hyperref Warning: Token not allowed in a PDFDocEncoded string,
(hyperref)                removing `\mathaccent' on input line 2032.


Package hyperref Warning: Token not allowed in a PDFDocEncoded string,
(hyperref)                removing `math shift' on input line 2032.

[47]

Package hyperref Warning: Token not allowed in a PDFDocEncoded string,
(hyperref)                removing `math shift' on input line 2070.


Package hyperref Warning: Token not allowed in a PDFDocEncoded string,
(hyperref)                removing `\overline' on input line 2070.


Package hyperref Warning: Token not allowed in a PDFDocEncoded string,
(hyperref)                removing `math shift' on input line 2070.


Package hyperref Warning: Token not allowed in a PDFDocEncoded string,
(hyperref)                removing `math shift' on input line 2076.


Package hyperref Warning: Token not allowed in a PDFDocEncoded string,
(hyperref)                removing `\mathaccent' on input line 2076.


Package hyperref Warning: Token not allowed in a PDFDocEncoded string,
(hyperref)                removing `math shift' on input line 2076.


Overfull \hbox (7.4047pt too wide) in paragraph at lines 2090--2098
[]\OT1/cmr/m/n/12 Single top pro-duc-tion is di-vided as usual into $\OML/cmm/m
/it/12 s$\OT1/cmr/m/n/12 -channel (pro-cesses \OT1/cmtt/m/n/12 171-177\OT1/cmr/
m/n/12 )
 []

[48] [49]

Package hyperref Warning: Token not allowed in a PDFDocEncoded string,
(hyperref)                removing `math shift' on input line 2145.


Package hyperref Warning: Token not allowed in a PDFDocEncoded string,
(hyperref)                removing `math shift' on input line 2145.

[50]

Package hyperref Warning: Token not allowed in a PDFDocEncoded string,
(hyperref)                removing `math shift' on input line 2191.


Package hyperref Warning: Token not allowed in a PDFDocEncoded string,
(hyperref)                removing `math shift' on input line 2191.

[51]

Package hyperref Warning: Token not allowed in a PDFDocEncoded string,
(hyperref)                removing `math shift' on input line 2253.


Package hyperref Warning: Token not allowed in a PDFDocEncoded string,
(hyperref)                removing `\tau' on input line 2253.


Package hyperref Warning: Token not allowed in a PDFDocEncoded string,
(hyperref)                removing `superscript' on input line 2253.


Package hyperref Warning: Token not allowed in a PDFDocEncoded string,
(hyperref)                removing `\tau' on input line 2253.


Package hyperref Warning: Token not allowed in a PDFDocEncoded string,
(hyperref)                removing `superscript' on input line 2253.


Package hyperref Warning: Token not allowed in a PDFDocEncoded string,
(hyperref)                removing `math shift' on input line 2253.


Package hyperref Warning: Token not allowed in a PDFDocEncoded string,
(hyperref)                removing `math shift' on input line 2265.


Package hyperref Warning: Token not allowed in a PDFDocEncoded string,
(hyperref)                removing `superscript' on input line 2265.


Package hyperref Warning: Token not allowed in a PDFDocEncoded string,
(hyperref)                removing `superscript' on input line 2265.


Package hyperref Warning: Token not allowed in a PDFDocEncoded string,
(hyperref)                removing `\nu' on input line 2265.


Package hyperref Warning: Token not allowed in a PDFDocEncoded string,
(hyperref)                removing `subscript' on input line 2265.


Package hyperref Warning: Token not allowed in a PDFDocEncoded string,
(hyperref)                removing `\mu' on input line 2265.


Package hyperref Warning: Token not allowed in a PDFDocEncoded string,
(hyperref)                removing `\mathaccent' on input line 2265.


Package hyperref Warning: Token not allowed in a PDFDocEncoded string,
(hyperref)                removing `\nu' on input line 2265.


Package hyperref Warning: Token not allowed in a PDFDocEncoded string,
(hyperref)                removing `subscript' on input line 2265.


Package hyperref Warning: Token not allowed in a PDFDocEncoded string,
(hyperref)                removing `\mu' on input line 2265.


Package hyperref Warning: Token not allowed in a PDFDocEncoded string,
(hyperref)                removing `math shift' on input line 2265.


Overfull \hbox (47.4662pt too wide) in alignment at lines 2268--2272
 [][][] []
 []


Overfull \hbox (34.49402pt too wide) in paragraph at lines 2274--2274
[]$\OML/cmm/m/it/14.4 ^^W[]e[]^^V[]^^V[]$\OT1/cmr/bx/n/14.4 -pair pro-duc-tion 
via WBF, pro-cesses 223,2231 
 []


Package hyperref Warning: Token not allowed in a PDFDocEncoded string,
(hyperref)                removing `math shift' on input line 2274.


Package hyperref Warning: Token not allowed in a PDFDocEncoded string,
(hyperref)                removing `\nu' on input line 2274.


Package hyperref Warning: Token not allowed in a PDFDocEncoded string,
(hyperref)                removing `subscript' on input line 2274.


Package hyperref Warning: Token not allowed in a PDFDocEncoded string,
(hyperref)                removing `superscript' on input line 2274.


Package hyperref Warning: Token not allowed in a PDFDocEncoded string,
(hyperref)                removing `\mu' on input line 2274.


Package hyperref Warning: Token not allowed in a PDFDocEncoded string,
(hyperref)                removing `superscript' on input line 2274.


Package hyperref Warning: Token not allowed in a PDFDocEncoded string,
(hyperref)                removing `\mu' on input line 2274.


Package hyperref Warning: Token not allowed in a PDFDocEncoded string,
(hyperref)                removing `superscript' on input line 2274.


Package hyperref Warning: Token not allowed in a PDFDocEncoded string,
(hyperref)                removing `math shift' on input line 2274.


Overfull \hbox (56.08981pt too wide) in alignment at lines 2277--2280
 [][][] []
 []


Overfull \hbox (31.22505pt too wide) in paragraph at lines 2282--2282
[]$\OML/cmm/m/it/14.4 e[][]^^W[]^^V[]$\OT1/cmr/bx/n/14.4 -pair pro-duc-tion via
 WBF, pro-cesses 224,2241 
 []


Package hyperref Warning: Token not allowed in a PDFDocEncoded string,
(hyperref)                removing `math shift' on input line 2282.


Package hyperref Warning: Token not allowed in a PDFDocEncoded string,
(hyperref)                removing `superscript' on input line 2282.


Package hyperref Warning: Token not allowed in a PDFDocEncoded string,
(hyperref)                removing `\mathaccent' on input line 2282.


Package hyperref Warning: Token not allowed in a PDFDocEncoded string,
(hyperref)                removing `\nu' on input line 2282.


Package hyperref Warning: Token not allowed in a PDFDocEncoded string,
(hyperref)                removing `subscript' on input line 2282.


Package hyperref Warning: Token not allowed in a PDFDocEncoded string,
(hyperref)                removing `\nu' on input line 2282.


Package hyperref Warning: Token not allowed in a PDFDocEncoded string,
(hyperref)                removing `subscript' on input line 2282.


Package hyperref Warning: Token not allowed in a PDFDocEncoded string,
(hyperref)                removing `\mu' on input line 2282.


Package hyperref Warning: Token not allowed in a PDFDocEncoded string,
(hyperref)                removing `\mu' on input line 2282.


Package hyperref Warning: Token not allowed in a PDFDocEncoded string,
(hyperref)                removing `superscript' on input line 2282.


Package hyperref Warning: Token not allowed in a PDFDocEncoded string,
(hyperref)                removing `math shift' on input line 2282.


Overfull \hbox (64.2602pt too wide) in alignment at lines 2285--2288
 [][][] []
 []

[52]
Overfull \hbox (34.49402pt too wide) in paragraph at lines 2290--2290
[]$\OML/cmm/m/it/14.4 e[][]^^V[]^^V[]$\OT1/cmr/bx/n/14.4 -pair pro-duc-tion via
 WBF, pro-cesses 225,2251 
 []


Package hyperref Warning: Token not allowed in a PDFDocEncoded string,
(hyperref)                removing `math shift' on input line 2290.


Package hyperref Warning: Token not allowed in a PDFDocEncoded string,
(hyperref)                removing `superscript' on input line 2290.


Package hyperref Warning: Token not allowed in a PDFDocEncoded string,
(hyperref)                removing `\mathaccent' on input line 2290.


Package hyperref Warning: Token not allowed in a PDFDocEncoded string,
(hyperref)                removing `\nu' on input line 2290.


Package hyperref Warning: Token not allowed in a PDFDocEncoded string,
(hyperref)                removing `subscript' on input line 2290.


Package hyperref Warning: Token not allowed in a PDFDocEncoded string,
(hyperref)                removing `\mu' on input line 2290.


Package hyperref Warning: Token not allowed in a PDFDocEncoded string,
(hyperref)                removing `superscript' on input line 2290.


Package hyperref Warning: Token not allowed in a PDFDocEncoded string,
(hyperref)                removing `\mu' on input line 2290.


Package hyperref Warning: Token not allowed in a PDFDocEncoded string,
(hyperref)                removing `superscript' on input line 2290.


Package hyperref Warning: Token not allowed in a PDFDocEncoded string,
(hyperref)                removing `math shift' on input line 2290.


Overfull \hbox (56.08981pt too wide) in alignment at lines 2293--2296
 [][][] []
 []


Package hyperref Warning: Token not allowed in a PDFDocEncoded string,
(hyperref)                removing `math shift' on input line 2299.


Package hyperref Warning: Token not allowed in a PDFDocEncoded string,
(hyperref)                removing `superscript' on input line 2299.


Package hyperref Warning: Token not allowed in a PDFDocEncoded string,
(hyperref)                removing `superscript' on input line 2299.


Package hyperref Warning: Token not allowed in a PDFDocEncoded string,
(hyperref)                removing `\mathaccent' on input line 2299.


Package hyperref Warning: Token not allowed in a PDFDocEncoded string,
(hyperref)                removing `\nu' on input line 2299.


Package hyperref Warning: Token not allowed in a PDFDocEncoded string,
(hyperref)                removing `subscript' on input line 2299.


Package hyperref Warning: Token not allowed in a PDFDocEncoded string,
(hyperref)                removing `\nu' on input line 2299.


Package hyperref Warning: Token not allowed in a PDFDocEncoded string,
(hyperref)                removing `subscript' on input line 2299.


Package hyperref Warning: Token not allowed in a PDFDocEncoded string,
(hyperref)                removing `math shift' on input line 2299.


Overfull \hbox (30.89252pt too wide) in alignment at lines 2302--2304
 [][][] []
 []


Overfull \hbox (31.22505pt too wide) in paragraph at lines 2306--2306
[]$\OML/cmm/m/it/14.4 ^^W[]e[]^^W[]^^V[]$\OT1/cmr/bx/n/14.4 -pair pro-duc-tion 
via WBF, pro-cesses 228,2281 
 []


Package hyperref Warning: Token not allowed in a PDFDocEncoded string,
(hyperref)                removing `math shift' on input line 2306.


Package hyperref Warning: Token not allowed in a PDFDocEncoded string,
(hyperref)                removing `\nu' on input line 2306.


Package hyperref Warning: Token not allowed in a PDFDocEncoded string,
(hyperref)                removing `subscript' on input line 2306.


Package hyperref Warning: Token not allowed in a PDFDocEncoded string,
(hyperref)                removing `superscript' on input line 2306.


Package hyperref Warning: Token not allowed in a PDFDocEncoded string,
(hyperref)                removing `\nu' on input line 2306.


Package hyperref Warning: Token not allowed in a PDFDocEncoded string,
(hyperref)                removing `subscript' on input line 2306.


Package hyperref Warning: Token not allowed in a PDFDocEncoded string,
(hyperref)                removing `\mu' on input line 2306.


Package hyperref Warning: Token not allowed in a PDFDocEncoded string,
(hyperref)                removing `\mu' on input line 2306.


Package hyperref Warning: Token not allowed in a PDFDocEncoded string,
(hyperref)                removing `superscript' on input line 2306.


Package hyperref Warning: Token not allowed in a PDFDocEncoded string,
(hyperref)                removing `math shift' on input line 2306.


Overfull \hbox (64.2602pt too wide) in alignment at lines 2309--2312
 [][][] []
 []


Overfull \hbox (31.22505pt too wide) in paragraph at lines 2313--2313
[]$\OML/cmm/m/it/14.4 e[][]^^V[][]$\OT1/cmr/bx/n/14.4 -pair pro-duc-tion via WB
F, pro-cesses 229,2291 
 []


Package hyperref Warning: Token not allowed in a PDFDocEncoded string,
(hyperref)                removing `math shift' on input line 2313.


Package hyperref Warning: Token not allowed in a PDFDocEncoded string,
(hyperref)                removing `superscript' on input line 2313.


Package hyperref Warning: Token not allowed in a PDFDocEncoded string,
(hyperref)                removing `\mathaccent' on input line 2313.


Package hyperref Warning: Token not allowed in a PDFDocEncoded string,
(hyperref)                removing `\nu' on input line 2313.


Package hyperref Warning: Token not allowed in a PDFDocEncoded string,
(hyperref)                removing `subscript' on input line 2313.


Package hyperref Warning: Token not allowed in a PDFDocEncoded string,
(hyperref)                removing `\mu' on input line 2313.


Package hyperref Warning: Token not allowed in a PDFDocEncoded string,
(hyperref)                removing `superscript' on input line 2313.


Package hyperref Warning: Token not allowed in a PDFDocEncoded string,
(hyperref)                removing `\mathaccent' on input line 2313.


Package hyperref Warning: Token not allowed in a PDFDocEncoded string,
(hyperref)                removing `\nu' on input line 2313.


Package hyperref Warning: Token not allowed in a PDFDocEncoded string,
(hyperref)                removing `subscript' on input line 2313.


Package hyperref Warning: Token not allowed in a PDFDocEncoded string,
(hyperref)                removing `\mu' on input line 2313.


Package hyperref Warning: Token not allowed in a PDFDocEncoded string,
(hyperref)                removing `math shift' on input line 2313.


Overfull \hbox (64.2602pt too wide) in alignment at lines 2316--2319
 [][][] []
 []


Package hyperref Warning: Token not allowed in a PDFDocEncoded string,
(hyperref)                removing `math shift' on input line 2321.


Package hyperref Warning: Token not allowed in a PDFDocEncoded string,
(hyperref)                removing `math shift' on input line 2321.


Package hyperref Warning: Token not allowed in a PDFDocEncoded string,
(hyperref)                removing `math shift' on input line 2321.


Package hyperref Warning: Token not allowed in a PDFDocEncoded string,
(hyperref)                removing `math shift' on input line 2321.

[53]

Package hyperref Warning: Token not allowed in a PDFDocEncoded string,
(hyperref)                removing `math shift' on input line 2357.


Package hyperref Warning: Token not allowed in a PDFDocEncoded string,
(hyperref)                removing `superscript' on input line 2357.


Package hyperref Warning: Token not allowed in a PDFDocEncoded string,
(hyperref)                removing `superscript' on input line 2357.


Package hyperref Warning: Token not allowed in a PDFDocEncoded string,
(hyperref)                removing `math shift' on input line 2357.

[54]

Package hyperref Warning: Token not allowed in a PDFDocEncoded string,
(hyperref)                removing `math shift' on input line 2367.


Package hyperref Warning: Token not allowed in a PDFDocEncoded string,
(hyperref)                removing `math shift' on input line 2367.


Package hyperref Warning: Token not allowed in a PDFDocEncoded string,
(hyperref)                removing `math shift' on input line 2405.


Package hyperref Warning: Token not allowed in a PDFDocEncoded string,
(hyperref)                removing `math shift' on input line 2405.

[55]

Package hyperref Warning: Token not allowed in a PDFDocEncoded string,
(hyperref)                removing `math shift' on input line 2418.


Package hyperref Warning: Token not allowed in a PDFDocEncoded string,
(hyperref)                removing `math shift' on input line 2418.


Package hyperref Warning: Token not allowed in a PDFDocEncoded string,
(hyperref)                removing `math shift' on input line 2432.


Package hyperref Warning: Token not allowed in a PDFDocEncoded string,
(hyperref)                removing `\gamma' on input line 2432.


Package hyperref Warning: Token not allowed in a PDFDocEncoded string,
(hyperref)                removing `math shift' on input line 2432.


Package hyperref Warning: Token not allowed in a PDFDocEncoded string,
(hyperref)                removing `math shift' on input line 2444.


Package hyperref Warning: Token not allowed in a PDFDocEncoded string,
(hyperref)                removing `\gamma' on input line 2444.


Package hyperref Warning: Token not allowed in a PDFDocEncoded string,
(hyperref)                removing `math shift' on input line 2444.


Package hyperref Warning: Token not allowed in a PDFDocEncoded string,
(hyperref)                removing `math shift' on input line 2457.


Package hyperref Warning: Token not allowed in a PDFDocEncoded string,
(hyperref)                removing `\gamma' on input line 2457.


Package hyperref Warning: Token not allowed in a PDFDocEncoded string,
(hyperref)                removing `\gamma' on input line 2457.


Package hyperref Warning: Token not allowed in a PDFDocEncoded string,
(hyperref)                removing `math shift' on input line 2457.

[56]

Package hyperref Warning: Token not allowed in a PDFDocEncoded string,
(hyperref)                removing `math shift' on input line 2489.


Package hyperref Warning: Token not allowed in a PDFDocEncoded string,
(hyperref)                removing `\gamma' on input line 2489.


Package hyperref Warning: Token not allowed in a PDFDocEncoded string,
(hyperref)                removing `\gamma' on input line 2489.


Package hyperref Warning: Token not allowed in a PDFDocEncoded string,
(hyperref)                removing `\gamma' on input line 2489.


Package hyperref Warning: Token not allowed in a PDFDocEncoded string,
(hyperref)                removing `math shift' on input line 2489.

[57]

Package hyperref Warning: Token not allowed in a PDFDocEncoded string,
(hyperref)                removing `math shift' on input line 2509.


Package hyperref Warning: Token not allowed in a PDFDocEncoded string,
(hyperref)                removing `\gamma' on input line 2509.


Package hyperref Warning: Token not allowed in a PDFDocEncoded string,
(hyperref)                removing `\gamma' on input line 2509.


Package hyperref Warning: Token not allowed in a PDFDocEncoded string,
(hyperref)                removing `\gamma' on input line 2509.


Package hyperref Warning: Token not allowed in a PDFDocEncoded string,
(hyperref)                removing `\gamma' on input line 2509.


Package hyperref Warning: Token not allowed in a PDFDocEncoded string,
(hyperref)                removing `math shift' on input line 2509.


Package hyperref Warning: Token not allowed in a PDFDocEncoded string,
(hyperref)                removing `math shift' on input line 2532.


Package hyperref Warning: Token not allowed in a PDFDocEncoded string,
(hyperref)                removing `\gamma' on input line 2532.


Package hyperref Warning: Token not allowed in a PDFDocEncoded string,
(hyperref)                removing `math shift' on input line 2532.

[58]

Package hyperref Warning: Token not allowed in a PDFDocEncoded string,
(hyperref)                removing `math shift' on input line 2552.


Package hyperref Warning: Token not allowed in a PDFDocEncoded string,
(hyperref)                removing `\gamma' on input line 2552.


Package hyperref Warning: Token not allowed in a PDFDocEncoded string,
(hyperref)                removing `math shift' on input line 2552.


Package hyperref Warning: Token not allowed in a PDFDocEncoded string,
(hyperref)                removing `math shift' on input line 2586.


Package hyperref Warning: Token not allowed in a PDFDocEncoded string,
(hyperref)                removing `\gamma' on input line 2586.


Package hyperref Warning: Token not allowed in a PDFDocEncoded string,
(hyperref)                removing `math shift' on input line 2586.

[59]

Package hyperref Warning: Token not allowed in a PDFDocEncoded string,
(hyperref)                removing `math shift' on input line 2613.


Package hyperref Warning: Token not allowed in a PDFDocEncoded string,
(hyperref)                removing `\gamma' on input line 2613.


Package hyperref Warning: Token not allowed in a PDFDocEncoded string,
(hyperref)                removing `math shift' on input line 2613.


Package hyperref Warning: Token not allowed in a PDFDocEncoded string,
(hyperref)                removing `math shift' on input line 2613.


Package hyperref Warning: Token not allowed in a PDFDocEncoded string,
(hyperref)                removing `\gamma' on input line 2613.


Package hyperref Warning: Token not allowed in a PDFDocEncoded string,
(hyperref)                removing `\gamma' on input line 2613.


Package hyperref Warning: Token not allowed in a PDFDocEncoded string,
(hyperref)                removing `math shift' on input line 2613.

[60]

Package hyperref Warning: Token not allowed in a PDFDocEncoded string,
(hyperref)                removing `math shift' on input line 2655.


Package hyperref Warning: Token not allowed in a PDFDocEncoded string,
(hyperref)                removing `\gamma' on input line 2655.


Package hyperref Warning: Token not allowed in a PDFDocEncoded string,
(hyperref)                removing `\gamma' on input line 2655.


Package hyperref Warning: Token not allowed in a PDFDocEncoded string,
(hyperref)                removing `math shift' on input line 2655.


Overfull \hbox (8.39394pt too wide) in paragraph at lines 2657--2668
\OT1/cmtt/m/n/12 zerowidth \OT1/cmr/m/n/12 and \OT1/cmtt/m/n/12 removebr \OT1/c
mr/m/n/12 are set to \OT1/cmtt/m/n/12 .false. \OT1/cmr/m/n/12 the de-cay $\OML/
cmm/m/it/12 Z \OMS/cmsy/m/n/12 ! \OML/cmm/m/it/12 e[]e[]$ \OT1/cmr/m/n/12 (\OT1
/cmtt/m/n/12 nproc=301\OT1/cmr/m/n/12 )
 []


Overfull \hbox (54.68423pt too wide) in paragraph at lines 2657--2668
\OT1/cmr/m/n/12 will in-clude pho-ton ra-di-a-tion from both lep-tons, so that 
a non-zero \OT1/cmtt/m/n/12 R(photon,lept)[]min
 []


Package hyperref Warning: Token not allowed in a PDFDocEncoded string,
(hyperref)                removing `math shift' on input line 2669.


Package hyperref Warning: Token not allowed in a PDFDocEncoded string,
(hyperref)                removing `\gamma' on input line 2669.


Package hyperref Warning: Token not allowed in a PDFDocEncoded string,
(hyperref)                removing `math shift' on input line 2669.


Overfull \hbox (5.54468pt too wide) in paragraph at lines 2671--2686
\OT1/cmr/m/n/12 quently de-cays into ei-ther an $\OML/cmm/m/it/12 e[]e[]$ \OT1/
cmr/m/n/12 pair (\OT1/cmtt/m/n/12 nproc=302\OT1/cmr/m/n/12 ) or neu-tri-nos (\O
T1/cmtt/m/n/12 nproc=307\OT1/cmr/m/n/12 ).
 []


Package hyperref Warning: Token not allowed in a PDFDocEncoded string,
(hyperref)                removing `math shift' on input line 2688.


Package hyperref Warning: Token not allowed in a PDFDocEncoded string,
(hyperref)                removing `\gamma' on input line 2688.


Package hyperref Warning: Token not allowed in a PDFDocEncoded string,
(hyperref)                removing `\gamma' on input line 2688.


Package hyperref Warning: Token not allowed in a PDFDocEncoded string,
(hyperref)                removing `math shift' on input line 2688.


Package hyperref Warning: Token not allowed in a PDFDocEncoded string,
(hyperref)                removing `math shift' on input line 2688.


Package hyperref Warning: Token not allowed in a PDFDocEncoded string,
(hyperref)                removing `\gamma' on input line 2688.


Package hyperref Warning: Token not allowed in a PDFDocEncoded string,
(hyperref)                removing `math shift' on input line 2688.

[61]

Package hyperref Warning: Token not allowed in a PDFDocEncoded string,
(hyperref)                removing `math shift' on input line 2708.


Package hyperref Warning: Token not allowed in a PDFDocEncoded string,
(hyperref)                removing `math shift' on input line 2708.


Package hyperref Warning: Token not allowed in a PDFDocEncoded string,
(hyperref)                removing `math shift' on input line 2723.


Package hyperref Warning: Token not allowed in a PDFDocEncoded string,
(hyperref)                removing `math shift' on input line 2723.


Package hyperref Warning: Token not allowed in a PDFDocEncoded string,
(hyperref)                removing `math shift' on input line 2737.


Package hyperref Warning: Token not allowed in a PDFDocEncoded string,
(hyperref)                removing `math shift' on input line 2737.

[62]

Package hyperref Warning: Token not allowed in a PDFDocEncoded string,
(hyperref)                removing `math shift' on input line 2773.


Package hyperref Warning: Token not allowed in a PDFDocEncoded string,
(hyperref)                removing `\overline' on input line 2773.


Package hyperref Warning: Token not allowed in a PDFDocEncoded string,
(hyperref)                removing `\to' on input line 2773.


Package hyperref Warning: Token not allowed in a PDFDocEncoded string,
(hyperref)                removing `superscript' on input line 2773.


Package hyperref Warning: Token not allowed in a PDFDocEncoded string,
(hyperref)                removing `math shift' on input line 2773.


Package hyperref Warning: Token not allowed in a PDFDocEncoded string,
(hyperref)                removing `math shift' on input line 2784.


Package hyperref Warning: Token not allowed in a PDFDocEncoded string,
(hyperref)                removing `\gamma' on input line 2784.


Package hyperref Warning: Token not allowed in a PDFDocEncoded string,
(hyperref)                removing `\gamma' on input line 2784.


Package hyperref Warning: Token not allowed in a PDFDocEncoded string,
(hyperref)                removing `math shift' on input line 2784.

[63]

Package hyperref Warning: Token not allowed in a PDFDocEncoded string,
(hyperref)                removing `math shift' on input line 2799.


Package hyperref Warning: Token not allowed in a PDFDocEncoded string,
(hyperref)                removing `math shift' on input line 2799.


Package hyperref Warning: Token not allowed in a PDFDocEncoded string,
(hyperref)                removing `math shift' on input line 2837.


Package hyperref Warning: Token not allowed in a PDFDocEncoded string,
(hyperref)                removing `math shift' on input line 2837.

[64]

Package hyperref Warning: Token not allowed in a PDFDocEncoded string,
(hyperref)                removing `math shift' on input line 2848.


Package hyperref Warning: Token not allowed in a PDFDocEncoded string,
(hyperref)                removing `math shift' on input line 2848.


Package hyperref Warning: Token not allowed in a PDFDocEncoded string,
(hyperref)                removing `math shift' on input line 2857.


Package hyperref Warning: Token not allowed in a PDFDocEncoded string,
(hyperref)                removing `\mathaccent' on input line 2857.


Package hyperref Warning: Token not allowed in a PDFDocEncoded string,
(hyperref)                removing `math shift' on input line 2857.


Package hyperref Warning: Token not allowed in a PDFDocEncoded string,
(hyperref)                removing `math shift' on input line 2868.


Package hyperref Warning: Token not allowed in a PDFDocEncoded string,
(hyperref)                removing `\mathaccent' on input line 2868.


Package hyperref Warning: Token not allowed in a PDFDocEncoded string,
(hyperref)                removing `math shift' on input line 2868.

[65]

Package hyperref Warning: Token not allowed in a PDFDocEncoded string,
(hyperref)                removing `math shift' on input line 2902.


Package hyperref Warning: Token not allowed in a PDFDocEncoded string,
(hyperref)                removing `\mathaccent' on input line 2902.


Package hyperref Warning: Token not allowed in a PDFDocEncoded string,
(hyperref)                removing `math shift' on input line 2902.


Overfull \hbox (26.48895pt too wide) in paragraph at lines 2920--2925
\OT1/cmr/m/n/12 tered by chang-ing the value of the vari-able \OT1/cmtt/m/n/12 
notag \OT1/cmr/m/n/12 in the file \OT1/cmtt/m/n/12 src/User/setnotag.f\OT1/cmr/
m/n/12 . 
 []


Package hyperref Warning: Token not allowed in a PDFDocEncoded string,
(hyperref)                removing `math shift' on input line 2928.


Package hyperref Warning: Token not allowed in a PDFDocEncoded string,
(hyperref)                removing `math shift' on input line 2928.


Package hyperref Warning: Token not allowed in a PDFDocEncoded string,
(hyperref)                removing `math shift' on input line 2928.


Package hyperref Warning: Token not allowed in a PDFDocEncoded string,
(hyperref)                removing `\mathaccent' on input line 2928.


Package hyperref Warning: Token not allowed in a PDFDocEncoded string,
(hyperref)                removing `math shift' on input line 2928.

[66]

Package hyperref Warning: Token not allowed in a PDFDocEncoded string,
(hyperref)                removing `math shift' on input line 2944.


Package hyperref Warning: Token not allowed in a PDFDocEncoded string,
(hyperref)                removing `math shift' on input line 2944.


Package hyperref Warning: Token not allowed in a PDFDocEncoded string,
(hyperref)                removing `math shift' on input line 2944.


Package hyperref Warning: Token not allowed in a PDFDocEncoded string,
(hyperref)                removing `\mathaccent' on input line 2944.


Package hyperref Warning: Token not allowed in a PDFDocEncoded string,
(hyperref)                removing `math shift' on input line 2944.


Overfull \hbox (26.48895pt too wide) in paragraph at lines 2957--2962
\OT1/cmr/m/n/12 tered by chang-ing the value of the vari-able \OT1/cmtt/m/n/12 
notag \OT1/cmr/m/n/12 in the file \OT1/cmtt/m/n/12 src/User/setnotag.f\OT1/cmr/
m/n/12 . 
 []


Package hyperref Warning: Token not allowed in a PDFDocEncoded string,
(hyperref)                removing `math shift' on input line 2963.


Package hyperref Warning: Token not allowed in a PDFDocEncoded string,
(hyperref)                removing `math shift' on input line 2963.


Package hyperref Warning: Token not allowed in a PDFDocEncoded string,
(hyperref)                removing `math shift' on input line 2976.


Package hyperref Warning: Token not allowed in a PDFDocEncoded string,
(hyperref)                removing `\mathaccent' on input line 2976.


Package hyperref Warning: Token not allowed in a PDFDocEncoded string,
(hyperref)                removing `math shift' on input line 2976.

[67]
Overfull \hbox (11.64471pt too wide) in paragraph at lines 3004--3004
[]\OT1/cmr/bx/n/14.4 Dark Mat-ter Pro-cesses Mono-jet and Mono-photon
 []

[68] [69] [70] [71]

Package hyperref Warning: Token not allowed in a PDFDocEncoded string,
(hyperref)                removing `\<def>-command' on input line 3160.


Package hyperref Warning: Token not allowed in a PDFDocEncoded string,
(hyperref)                removing `\f@encoding' on input line 3160.


Package hyperref Warning: Token not allowed in a PDFDocEncoded string,
(hyperref)                removing `\<let>-command' on input line 3160.


Package hyperref Warning: Token not allowed in a PDFDocEncoded string,
(hyperref)                removing `\<def>-command' on input line 3160.


Package hyperref Warning: Token not allowed in a PDFDocEncoded string,
(hyperref)                removing `\f@family' on input line 3160.


Package hyperref Warning: Token not allowed in a PDFDocEncoded string,
(hyperref)                removing `\<def>-command' on input line 3160.


Package hyperref Warning: Token not allowed in a PDFDocEncoded string,
(hyperref)                removing `\f@series' on input line 3160.


Package hyperref Warning: Token not allowed in a PDFDocEncoded string,
(hyperref)                removing `\<def>-command' on input line 3160.


Package hyperref Warning: Token not allowed in a PDFDocEncoded string,
(hyperref)                removing `\f@shape' on input line 3160.


Package hyperref Warning: Token not allowed in a PDFDocEncoded string,
(hyperref)                removing `\<def>-command' on input line 3160.


Package hyperref Warning: Token not allowed in a PDFDocEncoded string,
(hyperref)                removing `\font@name' on input line 3160.


Package hyperref Warning: Token not allowed in a PDFDocEncoded string,
(hyperref)                removing `\OT1/cmtt/m/n/17.28' on input line 3160.


Package hyperref Warning: Token not allowed in a PDFDocEncoded string,
(hyperref)                removing `\ignorespaces' on input line 3160.

[72] [73]
Overfull \hbox (8.20009pt too wide) in paragraph at lines 3237--3240
[]\OT1/cmr/m/n/12 F. Caola, J. M. Camp-bell, F. Febres Cordero, L. Reina and D.
 Wackeroth, 
 []


Overfull \hbox (5.76698pt too wide) in paragraph at lines 3258--3262
\OT1/cmr/m/it/12 ``Next-to-leading or-der pre-dic-tions for Dark Mat-ter Pro-du
c-tion at Hadron
 []

[74] [75]

LaTeX Warning: Float too large for page by 33.59935pt on input line 3346.

[76

] [77]
Overfull \hbox (43.82158pt too wide) in paragraph at lines 3350--3397
 [] 
 []


Overfull \hbox (132.22829pt too wide) in paragraph at lines 3402--3443
 [] 
 []

LaTeX Font Info:    External font `cmex10' loaded for size
(Font)              <10.95> on input line 3457.

Overfull \hbox (76.61264pt too wide) in paragraph at lines 3448--3489
 [] 
 []


Overfull \hbox (71.54474pt too wide) in paragraph at lines 3494--3533
 [] 
 []


Overfull \hbox (62.32176pt too wide) in paragraph at lines 3538--3568
 [] 
 []


Overfull \hbox (58.54123pt too wide) in paragraph at lines 3573--3625
 [] 
 []


LaTeX Warning: Float too large for page by 63.59932pt on input line 3626.


Overfull \hbox (119.48451pt too wide) in paragraph at lines 3630--3678
 [] 
 []


Overfull \hbox (91.71281pt too wide) in paragraph at lines 3683--3719
 [] 
 []


Overfull \hbox (100.8995pt too wide) in paragraph at lines 3725--3765
 [] 
 []

[78] [79] [80] [81] [82] [83] [84] [85] [86]
Overfull \hbox (109.5941pt too wide) in paragraph at lines 3775--3777
\OT1/cmr/m/n/12 LO, \OT1/cmtt/m/n/12 nproc=220,2201,222,2221,224,2241,226,228,2
281,229,2291,223,2231,225,2251\OT1/cmr/m/n/12 . 
 []


Overfull \hbox (4.86766pt too wide) in paragraph at lines 3795--3796
[]\OT1/cmr/m/n/12 Moved $\OML/cmm/m/it/12 H \OT1/cmr/m/n/12 + \OML/cmm/m/it/12 
b$ \OT1/cmr/m/n/12 pro-cesses from \OT1/cmtt/m/n/12 nproc=131,132,133 \OT1/cmr/
m/n/12 to \OT1/cmtt/m/n/12 nproc=136,137,138 
 []


Overfull \hbox (6.07748pt too wide) in paragraph at lines 3798--3800
\OT1/cmtt/m/n/12 nproc=126,127 \OT1/cmr/m/n/12 to the same style as $\OML/cmm/m
/it/12 gg \OMS/cmsy/m/n/12 ! \OML/cmm/m/it/12 ZZ$\OT1/cmr/m/n/12 , \OT1/cmtt/m/
n/12 nproc=123,124,125,126 
 []


Overfull \hbox (56.70766pt too wide) in paragraph at lines 3804--3805
[]\OT1/cmr/m/n/12 Added two new cuts to the in-put file, \OT1/cmtt/m/n/12 ptmin
[]photon(3rd) \OT1/cmr/m/n/12 and \OT1/cmtt/m/n/12 R(photon,jet)[]min 
 []

[87

]
Overfull \hbox (37.71767pt too wide) in paragraph at lines 3806--3807
[]\OT1/cmr/m/n/12 Changed pre-vi-ous \OT1/cmtt/m/n/12 evtgen \OT1/cmr/m/n/12 lo
g-i-cal flag in in-put file to an in-te-ger, \OT1/cmtt/m/n/12 nevtrequested 
 []

[88] [89] [90]
Overfull \hbox (7.28384pt too wide) in paragraph at lines 3930--3933
[]\OT1/cmr/m/n/12 Upgraded treat-ment of $\OML/cmm/m/it/12 t[]$ \OT1/cmr/m/n/12
 one-loop ma-trix el-e-ments for pro-cesses \OT1/cmtt/m/n/12 141-150
 []

[91]
Overfull \hbox (1.0537pt too wide) in paragraph at lines 3977--3980
[]\OT1/cmr/m/n/12 Reorganization of $\OML/cmm/m/it/12 Wb$ \OT1/cmr/m/n/12 cal-c
u-la-tions in 4FNS (\OT1/cmtt/m/n/12 401\OT1/cmr/m/n/12 -\OT1/cmtt/m/n/12 408\O
T1/cmr/m/n/12 ), 5FNS (\OT1/cmtt/m/n/12 411,
 []

[92]
Overfull \hbox (26.59845pt too wide) in paragraph at lines 4017--4019
\OT1/cmr/m/n/12 vir-tual rou-tines (v6.0 re-sults for these pro-cesses may be c
ompiler-dependent). 
 []

[93]
Underfull \hbox (badness 1163) in paragraph at lines 4044--4049
[]\OT1/cmr/m/n/12 F. Mal-toni and T. Stelzer, JHEP \OT1/cmr/bx/n/12 0302\OT1/cm
r/m/n/12 , 027 (2003) [arXiv:hep-
 []

[94] [95]
Underfull \hbox (badness 2310) in paragraph at lines 4271--4276
[]\OT1/cmr/m/n/12 F. Caola, J. M. Camp-bell, F. Febres Cordero, L. Reina and
 []

[96] (./mcfm.aux) ) 
Here is how much of TeX's memory you used:
 2230 strings out of 94501
 30820 string characters out of 1176789
 185752 words of memory out of 1000000
 5432 multiletter control sequences out of 10000+50000
 12279 words of font info for 46 fonts, out of 500000 for 2000
 580 hyphenation exceptions out of 1000
 25i,10n,41p,449b,352s stack positions out of 1500i,500n,5000p,200000b,5000s

Output written on mcfm.dvi (96 pages, 477660 bytes).
